0 info it worked if it ends with ok
1 verbose cli [ 'node', '/usr/local/bin/npm', 'publish', '--force' ]
2 info using npm@1.3.21
3 info using node@v0.10.22
4 warn using --force I sure hope you know what you are doing.
5 verbose publish [ '.' ]
6 verbose cache add [ '.', null ]
7 verbose cache add name=undefined spec="." args=[".",null]
8 verbose parsed url { protocol: null,
8 verbose parsed url   slashes: null,
8 verbose parsed url   auth: null,
8 verbose parsed url   host: null,
8 verbose parsed url   port: null,
8 verbose parsed url   hostname: null,
8 verbose parsed url   hash: null,
8 verbose parsed url   search: null,
8 verbose parsed url   query: null,
8 verbose parsed url   pathname: '.',
8 verbose parsed url   path: '.',
8 verbose parsed url   href: '.' }
9 silly lockFile 3a52ce78- .
10 verbose lock . /home/jimmy/.npm/3a52ce78-.lock
11 verbose tar pack [ '/home/jimmy/tmp/npm-28791-f-_3CiV6/1394741824735-0.8413119341712445/tmp.tgz',
11 verbose tar pack   '.' ]
12 verbose tarball /home/jimmy/tmp/npm-28791-f-_3CiV6/1394741824735-0.8413119341712445/tmp.tgz
13 verbose folder .
14 info prepublish t-rex@0.0.4
15 silly lockFile 1f1177db-tar tar://.
16 verbose lock tar://. /home/jimmy/.npm/1f1177db-tar.lock
17 silly lockFile f22ebe43-24735-0-8413119341712445-tmp-tgz tar:///home/jimmy/tmp/npm-28791-f-_3CiV6/1394741824735-0.8413119341712445/tmp.tgz
18 verbose lock tar:///home/jimmy/tmp/npm-28791-f-_3CiV6/1394741824735-0.8413119341712445/tmp.tgz /home/jimmy/.npm/f22ebe43-24735-0-8413119341712445-tmp-tgz.lock
19 silly lockFile 1f1177db-tar tar://.
20 silly lockFile 1f1177db-tar tar://.
21 silly lockFile f22ebe43-24735-0-8413119341712445-tmp-tgz tar:///home/jimmy/tmp/npm-28791-f-_3CiV6/1394741824735-0.8413119341712445/tmp.tgz
22 silly lockFile f22ebe43-24735-0-8413119341712445-tmp-tgz tar:///home/jimmy/tmp/npm-28791-f-_3CiV6/1394741824735-0.8413119341712445/tmp.tgz
23 verbose tar unpack /home/jimmy/tmp/npm-28791-f-_3CiV6/1394741824735-0.8413119341712445/tmp.tgz
24 silly lockFile 3833875c-24735-0-8413119341712445-package tar:///home/jimmy/tmp/npm-28791-f-_3CiV6/1394741824735-0.8413119341712445/package
25 verbose lock tar:///home/jimmy/tmp/npm-28791-f-_3CiV6/1394741824735-0.8413119341712445/package /home/jimmy/.npm/3833875c-24735-0-8413119341712445-package.lock
26 silly lockFile f22ebe43-24735-0-8413119341712445-tmp-tgz tar:///home/jimmy/tmp/npm-28791-f-_3CiV6/1394741824735-0.8413119341712445/tmp.tgz
27 verbose lock tar:///home/jimmy/tmp/npm-28791-f-_3CiV6/1394741824735-0.8413119341712445/tmp.tgz /home/jimmy/.npm/f22ebe43-24735-0-8413119341712445-tmp-tgz.lock
28 silly gunzTarPerm modes [ '755', '644' ]
29 silly gunzTarPerm extractEntry package.json
30 silly gunzTarPerm extractEntry .npmignore
31 silly gunzTarPerm extractEntry README.md
32 silly gunzTarPerm extractEntry index.js
33 silly gunzTarPerm extractEntry lib/Application.js
34 silly gunzTarPerm extractEntry lib/Bootstrap.js
35 silly gunzTarPerm extractEntry lib/Dispatcher.js
36 silly gunzTarPerm extractEntry lib/Injector.js
37 silly gunzTarPerm extractEntry lib/Registry.js
38 silly gunzTarPerm extractEntry lib/Resource.js
39 silly gunzTarPerm extractEntry lib/Utils.js
40 silly gunzTarPerm extractEntry lib/dispatcher/PostProcessors.js
41 silly gunzTarPerm extractEntry lib/dispatcher/PreProcessors.js
42 silly gunzTarPerm extractEntry lib/dispatcher/Request.js
43 silly gunzTarPerm extractEntry lib/dispatcher/Response.js
44 silly gunzTarPerm extractEntry lib/resource/Destroyer.js
45 silly gunzTarPerm extractEntry lib/resource/Finder.js
46 silly gunzTarPerm extractEntry lib/resource/Loader.js
47 silly gunzTarPerm extractEntry lib/resource/Mapper.js
48 silly gunzTarPerm extractEntry lib/resource/Populator.js
49 silly gunzTarPerm extractEntry lib/resource/Reader.js
50 silly gunzTarPerm extractEntry lib/resource/Writer.js
51 silly lockFile 3833875c-24735-0-8413119341712445-package tar:///home/jimmy/tmp/npm-28791-f-_3CiV6/1394741824735-0.8413119341712445/package
52 silly lockFile 3833875c-24735-0-8413119341712445-package tar:///home/jimmy/tmp/npm-28791-f-_3CiV6/1394741824735-0.8413119341712445/package
53 silly lockFile f22ebe43-24735-0-8413119341712445-tmp-tgz tar:///home/jimmy/tmp/npm-28791-f-_3CiV6/1394741824735-0.8413119341712445/tmp.tgz
54 silly lockFile f22ebe43-24735-0-8413119341712445-tmp-tgz tar:///home/jimmy/tmp/npm-28791-f-_3CiV6/1394741824735-0.8413119341712445/tmp.tgz
55 verbose tar pack [ '/home/jimmy/.npm/t-rex/0.0.4/package.tgz',
55 verbose tar pack   '/home/jimmy/tmp/npm-28791-f-_3CiV6/1394741824735-0.8413119341712445/package' ]
56 verbose tarball /home/jimmy/.npm/t-rex/0.0.4/package.tgz
57 verbose folder /home/jimmy/tmp/npm-28791-f-_3CiV6/1394741824735-0.8413119341712445/package
58 silly lockFile 3833875c-24735-0-8413119341712445-package tar:///home/jimmy/tmp/npm-28791-f-_3CiV6/1394741824735-0.8413119341712445/package
59 verbose lock tar:///home/jimmy/tmp/npm-28791-f-_3CiV6/1394741824735-0.8413119341712445/package /home/jimmy/.npm/3833875c-24735-0-8413119341712445-package.lock
60 silly lockFile 9d2ea063-immy-npm-t-rex-0-0-4-package-tgz tar:///home/jimmy/.npm/t-rex/0.0.4/package.tgz
61 verbose lock tar:///home/jimmy/.npm/t-rex/0.0.4/package.tgz /home/jimmy/.npm/9d2ea063-immy-npm-t-rex-0-0-4-package-tgz.lock
62 silly lockFile 3833875c-24735-0-8413119341712445-package tar:///home/jimmy/tmp/npm-28791-f-_3CiV6/1394741824735-0.8413119341712445/package
63 silly lockFile 3833875c-24735-0-8413119341712445-package tar:///home/jimmy/tmp/npm-28791-f-_3CiV6/1394741824735-0.8413119341712445/package
64 silly lockFile 9d2ea063-immy-npm-t-rex-0-0-4-package-tgz tar:///home/jimmy/.npm/t-rex/0.0.4/package.tgz
65 silly lockFile 9d2ea063-immy-npm-t-rex-0-0-4-package-tgz tar:///home/jimmy/.npm/t-rex/0.0.4/package.tgz
66 silly lockFile e427f34e-me-jimmy-npm-t-rex-0-0-4-package /home/jimmy/.npm/t-rex/0.0.4/package
67 verbose lock /home/jimmy/.npm/t-rex/0.0.4/package /home/jimmy/.npm/e427f34e-me-jimmy-npm-t-rex-0-0-4-package.lock
68 silly lockFile e427f34e-me-jimmy-npm-t-rex-0-0-4-package /home/jimmy/.npm/t-rex/0.0.4/package
69 silly lockFile e427f34e-me-jimmy-npm-t-rex-0-0-4-package /home/jimmy/.npm/t-rex/0.0.4/package
70 verbose tar unpack /home/jimmy/.npm/t-rex/0.0.4/package.tgz
71 silly lockFile 9e1ab104-me-jimmy-npm-t-rex-0-0-4-package tar:///home/jimmy/.npm/t-rex/0.0.4/package
72 verbose lock tar:///home/jimmy/.npm/t-rex/0.0.4/package /home/jimmy/.npm/9e1ab104-me-jimmy-npm-t-rex-0-0-4-package.lock
73 silly lockFile 9d2ea063-immy-npm-t-rex-0-0-4-package-tgz tar:///home/jimmy/.npm/t-rex/0.0.4/package.tgz
74 verbose lock tar:///home/jimmy/.npm/t-rex/0.0.4/package.tgz /home/jimmy/.npm/9d2ea063-immy-npm-t-rex-0-0-4-package-tgz.lock
75 silly gunzTarPerm modes [ '755', '644' ]
76 silly gunzTarPerm extractEntry package.json
77 silly gunzTarPerm extractEntry .npmignore
78 silly gunzTarPerm extractEntry README.md
79 silly gunzTarPerm extractEntry index.js
80 silly gunzTarPerm extractEntry lib/Application.js
81 silly gunzTarPerm extractEntry lib/Bootstrap.js
82 silly gunzTarPerm extractEntry lib/Dispatcher.js
83 silly gunzTarPerm extractEntry lib/Injector.js
84 silly gunzTarPerm extractEntry lib/Registry.js
85 silly gunzTarPerm extractEntry lib/Resource.js
86 silly gunzTarPerm extractEntry lib/Utils.js
87 silly gunzTarPerm extractEntry lib/dispatcher/PostProcessors.js
88 silly gunzTarPerm extractEntry lib/dispatcher/PreProcessors.js
89 silly gunzTarPerm extractEntry lib/dispatcher/Request.js
90 silly gunzTarPerm extractEntry lib/dispatcher/Response.js
91 silly gunzTarPerm extractEntry lib/resource/Destroyer.js
92 silly gunzTarPerm extractEntry lib/resource/Finder.js
93 silly gunzTarPerm extractEntry lib/resource/Loader.js
94 silly gunzTarPerm extractEntry lib/resource/Mapper.js
95 silly gunzTarPerm extractEntry lib/resource/Populator.js
96 silly gunzTarPerm extractEntry lib/resource/Reader.js
97 silly gunzTarPerm extractEntry lib/resource/Writer.js
98 silly lockFile 9e1ab104-me-jimmy-npm-t-rex-0-0-4-package tar:///home/jimmy/.npm/t-rex/0.0.4/package
99 silly lockFile 9e1ab104-me-jimmy-npm-t-rex-0-0-4-package tar:///home/jimmy/.npm/t-rex/0.0.4/package
100 silly lockFile 9d2ea063-immy-npm-t-rex-0-0-4-package-tgz tar:///home/jimmy/.npm/t-rex/0.0.4/package.tgz
101 silly lockFile 9d2ea063-immy-npm-t-rex-0-0-4-package-tgz tar:///home/jimmy/.npm/t-rex/0.0.4/package.tgz
102 verbose chmod /home/jimmy/.npm/t-rex/0.0.4/package.tgz 644
103 verbose chown /home/jimmy/.npm/t-rex/0.0.4/package.tgz [ 1000, 1000 ]
104 silly lockFile 3a52ce78- .
105 silly lockFile 3a52ce78- .
106 silly publish { name: 't-rex',
106 silly publish   version: '0.0.4',
106 silly publish   description: 'Unstoppable T-Rex (express + mongoose + REST resource abstraction)',
106 silly publish   main: 'index.js',
106 silly publish   author: { name: 'Darlan Alves', email: 'darlan@moovia.com' },
106 silly publish   license: 'MIT',
106 silly publish   repository: { type: 'git', url: 'git@github.com:darlanalves/t-rex.git' },
106 silly publish   dependencies:
106 silly publish    { mongoose: '~3.8.7',
106 silly publish      'mongoose-ready': '0.0.1',
106 silly publish      is: '~0.2.7',
106 silly publish      foreach: '~2.0.4' },
106 silly publish   bugs: { url: 'https://github.com/darlanalves/t-rex/issues' },
106 silly publish   readme: '## Unstoppable T-Rex\n\n<center>![Unstoppable](https://raw.github.com/darlanalves/t-rex/master/t-rex.jpg)</center>\n\nMy goal here is to implement a library that uses express as a router, mongoose as a DB layer and some filters as input/output controllers.\n\nOnce it\'s done, you should write a Mongoose Schema to define a resource and write additional business logic (if any) to validate inputs. That should be enough to run a RESTful webservice.\n\n## Install\n\n```\nnpm install --save express t-rex\n\n```\n\n## Sample app\n\nI\'ll maintain a [sample app](https://github.com/darlanalves/trex-seed) too\n',
106 silly publish   readmeFilename: 'README.md',
106 silly publish   homepage: 'https://github.com/darlanalves/t-rex',
106 silly publish   _id: 't-rex@0.0.4',
106 silly publish   dist: { shasum: 'ce8369a8e4c98100e9718116f3fcad026825fe64' },
106 silly publish   _from: '.' }
107 verbose url raw t-rex
108 verbose url resolving [ 'https://registry.npmjs.org/', './t-rex' ]
109 verbose url resolved https://registry.npmjs.org/t-rex
110 info trying registry request attempt 1 at 17:17:04
111 http PUT https://registry.npmjs.org/t-rex
112 http 409 https://registry.npmjs.org/t-rex
113 verbose url raw t-rex
114 verbose url resolving [ 'https://registry.npmjs.org/', './t-rex' ]
115 verbose url resolved https://registry.npmjs.org/t-rex
116 info trying registry request attempt 1 at 17:17:06
117 http GET https://registry.npmjs.org/t-rex
118 http 200 https://registry.npmjs.org/t-rex
119 verbose url raw t-rex
120 verbose url resolving [ 'https://registry.npmjs.org/', './t-rex' ]
121 verbose url resolved https://registry.npmjs.org/t-rex
122 info trying registry request attempt 1 at 17:17:08
123 http PUT https://registry.npmjs.org/t-rex
124 http 409 https://registry.npmjs.org/t-rex
125 error Error: conflict Document update conflict.: t-rex
125 error     at RegClient.<anonymous> (/usr/local/lib/node_modules/npm/node_modules/npm-registry-client/lib/request.js:275:14)
125 error     at Request.self.callback (/usr/local/lib/node_modules/npm/node_modules/request/request.js:123:22)
125 error     at Request.EventEmitter.emit (events.js:98:17)
125 error     at Request.<anonymous> (/usr/local/lib/node_modules/npm/node_modules/request/request.js:893:14)
125 error     at Request.EventEmitter.emit (events.js:117:20)
125 error     at IncomingMessage.<anonymous> (/usr/local/lib/node_modules/npm/node_modules/request/request.js:844:12)
125 error     at IncomingMessage.EventEmitter.emit (events.js:117:20)
125 error     at _stream_readable.js:920:16
125 error     at process._tickCallback (node.js:415:13)
126 error If you need help, you may report this *entire* log,
126 error including the npm and node versions, at:
126 error     <http://github.com/isaacs/npm/issues>
127 error System Linux 3.11.0-18-generic
128 error command "node" "/usr/local/bin/npm" "publish" "--force"
129 error cwd /home/jimmy/Web/projects/amilton/node_modules/t-rex
130 error node -v v0.10.22
131 error npm -v 1.3.21
132 verbose exit [ 1, true ]
